INFO  2022-10-02 02:33:38 [nioEventLoopGroup-2-1] main.systems.client.controllers.ClientController (ClientController.java:45) - Sending file: C:\java\testFileDelete2.txt
INFO  2022-10-02 02:33:38 [nioEventLoopGroup-3-1] main.systems.client.controllers.ClientController (ClientController.java:45) - Sending file: C:\java\testFileDelete.txt
INFO  2022-10-02 02:33:51 [nioEventLoopGroup-4-1] main.systems.client.controllers.ClientController (ClientController.java:45) - Sending file: C:\java\testFileDelete2.txt
INFO  2022-10-02 02:33:51 [nioEventLoopGroup-5-1] main.systems.client.controllers.ClientController (ClientController.java:45) - Sending file: C:\java\testFileDelete.txt
INFO  2022-10-02 02:34:55 [nioEventLoopGroup-2-1] main.systems.client.controllers.ClientController (ClientController.java:45) - Sending file: C:\java\testFileDelete2.txt
INFO  2022-10-02 02:34:55 [nioEventLoopGroup-3-1] main.systems.client.controllers.ClientController (ClientController.java:45) - Sending file: C:\java\testFileDelete.txt
INFO  2022-10-02 02:36:48 [nioEventLoopGroup-4-1] main.systems.client.controllers.ClientController (ClientController.java:45) - Sending file: C:\java\testFileDelete2.txt
INFO  2022-10-02 02:36:48 [nioEventLoopGroup-5-1] main.systems.client.controllers.ClientController (ClientController.java:45) - Sending file: C:\java\testFileDelete.txt
INFO  2022-10-02 02:39:15 [nioEventLoopGroup-2-1] main.systems.client.controllers.ClientController (ClientController.java:45) - Sending file: C:\java\testFileDelete.txt
INFO  2022-10-02 02:39:15 [nioEventLoopGroup-3-1] main.systems.client.controllers.ClientController (ClientController.java:45) - Sending file: C:\java\testFileDelete2.txt
ERROR 2022-10-02 22:07:53 [JavaFX Application Thread] main.systems.client.controllers.ClientController (ClientController.java:55) - File not found: C:\java\testFileDelete2.txt
ERROR 2022-10-02 22:07:53 [JavaFX Application Thread] main.systems.client.controllers.ClientController (ClientController.java:55) - File not found: C:\java\testFileDelete.txt
INFO  2022-10-02 22:08:58 [nioEventLoopGroup-2-1] main.systems.client.controllers.ClientController (ClientController.java:52) - Sending file: C:\java\testFileDelete.txt
INFO  2022-10-02 22:08:58 [nioEventLoopGroup-3-1] main.systems.client.controllers.ClientController (ClientController.java:52) - Sending file: C:\java\testFileDelete2.txt
ERROR 2022-10-02 22:19:21 [JavaFX Application Thread] main.systems.client.controllers.ClientController (ClientController.java:56) - File not found: Z:\java\databases\lesson7\lesson7.txt
ERROR 2022-10-02 22:19:54 [JavaFX Application Thread] main.systems.client.controllers.ClientController (ClientController.java:56) - File not found: Z:\java\databases\lesson7\lesson7.txt
INFO  2022-10-02 22:20:10 [nioEventLoopGroup-2-1] main.systems.client.controllers.ClientController (ClientController.java:53) - Sending file: C:\java\testFileDelete.txt
INFO  2022-10-02 22:21:18 [nioEventLoopGroup-2-1] main.systems.client.controllers.ClientController (ClientController.java:53) - Sending file: C:\java\testFileDelete.txt
INFO  2022-10-02 22:22:20 [nioEventLoopGroup-2-1] main.systems.client.controllers.ClientController (ClientController.java:53) - Sending file: C:\java\testFileDelete2.txt
INFO  2022-10-02 22:37:12 [nioEventLoopGroup-2-1] main.systems.client.controllers.ClientController (ClientController.java:57) - Sending file: C:\java\testFileDelete2.txt
INFO  2022-10-02 22:38:59 [nioEventLoopGroup-2-1] main.systems.client.controllers.ClientController (ClientController.java:57) - Sending file: C:\java\testFileDelete2.txt
INFO  2022-10-02 22:46:41 [nioEventLoopGroup-2-1] main.systems.client.controllers.ClientController (ClientController.java:57) - Sending file: C:\java\testFileDelete2.txt
INFO  2022-10-03 01:38:41 [nioEventLoopGroup-2-1] main.systems.client.controllers.ClientController (ClientController.java:57) - Sending file: C:\java\testFileDelete2.txt
INFO  2022-10-04 21:22:16 [nioEventLoopGroup-2-1] main.systems.client.controllers.ClientController (ClientController.java:58) - Sending file: C:\java\testFileDelete.txt
INFO  2022-10-04 22:17:56 [nioEventLoopGroup-2-1] main.systems.client.controllers.ClientController (ClientController.java:58) - Sending file: C:\java\testFileDelete.txt
INFO  2022-10-04 23:23:27 [nioEventLoopGroup-2-1] main.systems.client.controllers.ClientController (ClientController.java:58) - Sending file: C:\java\testFileDelete.txt
INFO  2022-10-04 23:23:29 [nioEventLoopGroup-3-1] main.systems.client.controllers.ClientController (ClientController.java:58) - Sending file: C:\java\testFileDelete2.txt
ERROR 2022-10-05 00:03:50 [nioEventLoopGroup-2-1] main.systems.client.ClientHandler (ClientHandler.java:36) - We got exception
INFO  2022-10-05 00:12:32 [nioEventLoopGroup-2-1] main.systems.client.controllers.ClientController (ClientController.java:57) - Sending file: C:\java\testFileDelete.txt
INFO  2022-10-05 00:14:39 [nioEventLoopGroup-2-1] main.systems.client.controllers.ClientController (ClientController.java:57) - Sending file: C:\java\testFileDelete.txt
INFO  2022-10-05 00:16:15 [nioEventLoopGroup-2-1] main.systems.client.controllers.ClientController (ClientController.java:57) - Sending file: C:\java\testFileDelete.txt
ERROR 2022-10-05 00:31:56 [nioEventLoopGroup-2-1] main.systems.client.ClientHandler (ClientHandler.java:36) - We got exception
ERROR 2022-10-05 00:32:28 [nioEventLoopGroup-2-1] main.systems.client.ClientHandler (ClientHandler.java:36) - We got exception
INFO  2022-10-07 22:45:51 [nioEventLoopGroup-2-1] main.systems.client.controllers.ClientController (ClientController.java:57) - Sending file: C:\java\testFileDelete.txt
INFO  2022-10-07 22:47:51 [nioEventLoopGroup-2-1] main.systems.client.controllers.ClientController (ClientController.java:57) - Sending file: C:\java\testFileDelete.txt
INFO  2022-10-07 22:51:53 [nioEventLoopGroup-2-1] main.systems.client.controllers.ClientController (ClientController.java:57) - Sending file: C:\java\testFileDelete.txt
INFO  2022-10-07 22:56:20 [nioEventLoopGroup-3-1] main.systems.client.controllers.ClientController (ClientController.java:57) - Sending file: C:\java\testFileDelete2.txt
INFO  2022-10-07 23:03:25 [nioEventLoopGroup-2-1] main.systems.client.controllers.AuthController (AuthController.java:39) - auth command: SELECT_USERNAME_AUTH
INFO  2022-10-07 23:29:21 [nioEventLoopGroup-2-1] main.systems.client.controllers.AuthController (AuthController.java:39) - auth command: SELECT_USERNAME_AUTH
INFO  2022-10-07 23:30:04 [nioEventLoopGroup-2-1] main.systems.client.controllers.AuthController (AuthController.java:39) - auth command: SELECT_USERNAME_AUTH
INFO  2022-10-08 01:01:10 [nioEventLoopGroup-2-1] main.systems.client.controllers.AuthController (AuthController.java:39) - auth command: SELECT_USERNAME_AUTH
INFO  2022-10-08 01:08:23 [nioEventLoopGroup-2-1] main.systems.client.controllers.AuthController (AuthController.java:39) - auth command: SELECT_USERNAME_AUTH
INFO  2022-10-08 01:08:41 [nioEventLoopGroup-2-1] main.systems.client.controllers.AuthController (AuthController.java:39) - auth command: SELECT_USERNAME_AUTH
INFO  2022-10-08 01:09:40 [nioEventLoopGroup-2-1] main.systems.client.controllers.AuthController (AuthController.java:39) - auth command: SELECT_USERNAME_AUTH
INFO  2022-10-08 01:32:32 [nioEventLoopGroup-2-1] main.systems.client.controllers.AuthController (AuthController.java:39) - auth command: SELECT_USERNAME_AUTH
INFO  2022-10-09 01:17:35 [nioEventLoopGroup-2-1] main.systems.client.controllers.AuthController (AuthController.java:39) - auth command: SELECT_USERNAME_AUTH
