DEBUG 2022-10-02 02:31:31 [main] io.netty.util.internal.logging.InternalLoggerFactory (InternalLoggerFactory.java:76) - Using Log4J2 as the default logging framework
DEBUG 2022-10-02 02:31:31 [main] io.netty.channel.MultithreadEventLoopGroup (MultithreadEventLoopGroup.java:44) - -Dio.netty.eventLoopThreads: 6
DEBUG 2022-10-02 02:31:31 [main] io.netty.util.internal.InternalThreadLocalMap (InternalThreadLocalMap.java:86) - -Dio.netty.threadLocalMap.stringBuilder.initialSize: 1024
DEBUG 2022-10-02 02:31:31 [main] io.netty.util.internal.InternalThreadLocalMap (InternalThreadLocalMap.java:89) - -Dio.netty.threadLocalMap.stringBuilder.maxSize: 4096
DEBUG 2022-10-02 02:31:31 [main] io.netty.util.internal.PlatformDependent0 (PlatformDependent0.java:496) - -Dio.netty.noUnsafe: false
DEBUG 2022-10-02 02:31:31 [main] io.netty.util.internal.PlatformDependent0 (PlatformDependent0.java:1000) - Java version: 16
DEBUG 2022-10-02 02:31:31 [main] io.netty.util.internal.PlatformDependent0 (PlatformDependent0.java:137) - sun.misc.Unsafe.theUnsafe: available
DEBUG 2022-10-02 02:31:31 [main] io.netty.util.internal.PlatformDependent0 (PlatformDependent0.java:161) - sun.misc.Unsafe.copyMemory: available
DEBUG 2022-10-02 02:31:31 [main] io.netty.util.internal.PlatformDependent0 (PlatformDependent0.java:193) - sun.misc.Unsafe.storeFence: available
DEBUG 2022-10-02 02:31:31 [main] io.netty.util.internal.PlatformDependent0 (PlatformDependent0.java:236) - java.nio.Buffer.address: available
DEBUG 2022-10-02 02:31:31 [main] io.netty.util.internal.PlatformDependent0 (PlatformDependent0.java:320) - direct buffer constructor: unavailable: Reflective setAccessible(true) disabled
DEBUG 2022-10-02 02:31:31 [main] io.netty.util.internal.PlatformDependent0 (PlatformDependent0.java:385) - java.nio.Bits.unaligned: available, true
DEBUG 2022-10-02 02:31:31 [main] io.netty.util.internal.PlatformDependent0 (PlatformDependent0.java:452) - jdk.internal.misc.Unsafe.allocateUninitializedArray(int): unavailable: class io.netty.util.internal.PlatformDependent0$7 cannot access class jdk.internal.misc.Unsafe (in module java.base) because module java.base does not export jdk.internal.misc to unnamed module @23bb8443
DEBUG 2022-10-02 02:31:31 [main] io.netty.util.internal.PlatformDependent0 (PlatformDependent0.java:482) - java.nio.DirectByteBuffer.<init>(long, int): unavailable
DEBUG 2022-10-02 02:31:31 [main] io.netty.util.internal.PlatformDependent (PlatformDependent.java:1159) - sun.misc.Unsafe: available
DEBUG 2022-10-02 02:31:31 [main] io.netty.util.internal.PlatformDependent (PlatformDependent.java:1270) - maxDirectMemory: 1327497216 bytes (maybe)
DEBUG 2022-10-02 02:31:31 [main] io.netty.util.internal.PlatformDependent (PlatformDependent.java:1289) - -Dio.netty.tmpdir: C:\Users\Zver\AppData\Local\Temp (java.io.tmpdir)
DEBUG 2022-10-02 02:31:31 [main] io.netty.util.internal.PlatformDependent (PlatformDependent.java:1368) - -Dio.netty.bitMode: 64 (sun.arch.data.model)
DEBUG 2022-10-02 02:31:31 [main] io.netty.util.internal.PlatformDependent (PlatformDependent.java:1119) - Platform: Windows
DEBUG 2022-10-02 02:31:31 [main] io.netty.util.internal.PlatformDependent (PlatformDependent.java:178) - -Dio.netty.maxDirectMemory: -1 bytes
DEBUG 2022-10-02 02:31:31 [main] io.netty.util.internal.PlatformDependent (PlatformDependent.java:185) - -Dio.netty.uninitializedArrayAllocationThreshold: -1
DEBUG 2022-10-02 02:31:31 [main] io.netty.util.internal.CleanerJava9 (CleanerJava9.java:71) - java.nio.ByteBuffer.cleaner(): available
DEBUG 2022-10-02 02:31:31 [main] io.netty.util.internal.PlatformDependent (PlatformDependent.java:205) - -Dio.netty.noPreferDirect: false
DEBUG 2022-10-02 02:31:31 [main] io.netty.channel.nio.NioEventLoop (NioEventLoop.java:110) - -Dio.netty.noKeySetOptimization: false
DEBUG 2022-10-02 02:31:31 [main] io.netty.channel.nio.NioEventLoop (NioEventLoop.java:111) - -Dio.netty.selectorAutoRebuildThreshold: 512
DEBUG 2022-10-02 02:31:31 [main] io.netty.util.internal.PlatformDependent$Mpsc (PlatformDependent.java:1010) - org.jctools-core.MpscChunkedArrayQueue: available
INFO  2022-10-02 02:31:31 [main] systems.server.Server (Server.java:36) - Server started: 8189 Waiting connection...
DEBUG 2022-10-02 02:31:31 [main] io.netty.channel.DefaultChannelId (DefaultChannelId.java:79) - -Dio.netty.processId: 6248 (auto-detected)
DEBUG 2022-10-02 02:31:31 [main] io.netty.util.NetUtil (NetUtil.java:136) - -Djava.net.preferIPv4Stack: false
DEBUG 2022-10-02 02:31:31 [main] io.netty.util.NetUtil (NetUtil.java:137) - -Djava.net.preferIPv6Addresses: false
DEBUG 2022-10-02 02:31:31 [main] io.netty.util.NetUtilInitializations (NetUtilInitializations.java:129) - Loopback interface: lo (Software Loopback Interface 1, 127.0.0.1)
DEBUG 2022-10-02 02:31:31 [main] io.netty.util.NetUtil$SoMaxConnAction (NetUtil.java:191) - Failed to get SOMAXCONN from sysctl and file \proc\sys\net\core\somaxconn. Default: 200
DEBUG 2022-10-02 02:31:31 [main] io.netty.channel.DefaultChannelId (DefaultChannelId.java:101) - -Dio.netty.machineId: 08:00:27:ff:fe:7c:0f:29 (auto-detected)
DEBUG 2022-10-02 02:31:31 [main] io.netty.util.ResourceLeakDetector (ResourceLeakDetector.java:129) - -Dio.netty.leakDetection.level: simple
DEBUG 2022-10-02 02:31:31 [main] io.netty.util.ResourceLeakDetector (ResourceLeakDetector.java:130) - -Dio.netty.leakDetection.targetRecords: 4
DEBUG 2022-10-02 02:31:31 [main] io.netty.buffer.PooledByteBufAllocator (PooledByteBufAllocator.java:157) - -Dio.netty.allocator.numHeapArenas: 6
DEBUG 2022-10-02 02:31:31 [main] io.netty.buffer.PooledByteBufAllocator (PooledByteBufAllocator.java:158) - -Dio.netty.allocator.numDirectArenas: 6
DEBUG 2022-10-02 02:31:31 [main] io.netty.buffer.PooledByteBufAllocator (PooledByteBufAllocator.java:160) - -Dio.netty.allocator.pageSize: 8192
DEBUG 2022-10-02 02:31:31 [main] io.netty.buffer.PooledByteBufAllocator (PooledByteBufAllocator.java:165) - -Dio.netty.allocator.maxOrder: 9
DEBUG 2022-10-02 02:31:31 [main] io.netty.buffer.PooledByteBufAllocator (PooledByteBufAllocator.java:169) - -Dio.netty.allocator.chunkSize: 4194304
DEBUG 2022-10-02 02:31:31 [main] io.netty.buffer.PooledByteBufAllocator (PooledByteBufAllocator.java:170) - -Dio.netty.allocator.smallCacheSize: 256
DEBUG 2022-10-02 02:31:31 [main] io.netty.buffer.PooledByteBufAllocator (PooledByteBufAllocator.java:171) - -Dio.netty.allocator.normalCacheSize: 64
DEBUG 2022-10-02 02:31:31 [main] io.netty.buffer.PooledByteBufAllocator (PooledByteBufAllocator.java:172) - -Dio.netty.allocator.maxCachedBufferCapacity: 32768
DEBUG 2022-10-02 02:31:31 [main] io.netty.buffer.PooledByteBufAllocator (PooledByteBufAllocator.java:173) - -Dio.netty.allocator.cacheTrimInterval: 8192
DEBUG 2022-10-02 02:31:31 [main] io.netty.buffer.PooledByteBufAllocator (PooledByteBufAllocator.java:174) - -Dio.netty.allocator.cacheTrimIntervalMillis: 0
DEBUG 2022-10-02 02:31:31 [main] io.netty.buffer.PooledByteBufAllocator (PooledByteBufAllocator.java:175) - -Dio.netty.allocator.useCacheForAllThreads: false
DEBUG 2022-10-02 02:31:31 [main] io.netty.buffer.PooledByteBufAllocator (PooledByteBufAllocator.java:176) - -Dio.netty.allocator.maxCachedByteBuffersPerChunk: 1023
DEBUG 2022-10-02 02:31:31 [main] io.netty.buffer.ByteBufUtil (ByteBufUtil.java:87) - -Dio.netty.allocator.type: pooled
DEBUG 2022-10-02 02:31:31 [main] io.netty.buffer.ByteBufUtil (ByteBufUtil.java:96) - -Dio.netty.threadLocalDirectBufferSize: 0
DEBUG 2022-10-02 02:31:31 [main] io.netty.buffer.ByteBufUtil (ByteBufUtil.java:99) - -Dio.netty.maxThreadLocalCharBufferSize: 16384
INFO  2022-10-02 02:32:38 [main] systems.server.Server (Server.java:36) - Server started: 8189 Waiting connection...
INFO  2022-10-02 02:34:41 [main] systems.server.Server (Server.java:36) - Server started: 8189 Waiting connection...
ERROR 2022-10-02 02:34:55 [nioEventLoopGroup-3-1] systems.server.ServerHandler (ServerHandler.java:30) - File already exist
ERROR 2022-10-02 02:34:55 [nioEventLoopGroup-3-2] systems.server.ServerHandler (ServerHandler.java:30) - File already exist
INFO  2022-10-02 02:36:36 [main] systems.server.Server (Server.java:36) - Server started: 8189 Waiting connection...
INFO  2022-10-02 02:39:02 [main] systems.server.Server (Server.java:36) - Server started: 8189 Waiting connection...
ERROR 2022-10-02 02:39:15 [nioEventLoopGroup-3-1] systems.server.ServerHandler (ServerHandler.java:30) - File already exist
ERROR 2022-10-02 02:39:15 [nioEventLoopGroup-3-2] systems.server.ServerHandler (ServerHandler.java:30) - File already exist
INFO  2022-10-02 22:08:38 [main] systems.server.Server (Server.java:36) - Server started at port: 8189 Waiting connection...
INFO  2022-10-02 22:19:34 [main] systems.server.Server (Server.java:36) - Server started at port: 8189 Waiting connection...
ERROR 2022-10-02 22:20:10 [nioEventLoopGroup-3-1] systems.server.ServerHandler (ServerHandler.java:30) - File already exist
INFO  2022-10-03 01:38:05 [main] systems.server.Server (Server.java:36) - Server started at port: 8189 Waiting connection...
